  GUItextRectangle.cpp
  MyOGL.cpp
  Object.cpp
  OpenGLrememberProj.cpp
  Primitives.cpp
  PrimitivesStatic.cpp
  Render.cpp
C:\Users\egort\OneDrive\Desktop\Тюзин Егор ИДБ-20-01 ЛР2\OpenGLrememberProj\Render.cpp(115,31): warning C4838: Преобразование из "double" в "GLfloat" требует сужающего преобразования.
C:\Users\egort\OneDrive\Desktop\Тюзин Егор ИДБ-20-01 ЛР2\OpenGLrememberProj\Render.cpp(115,40): warning C4838: Преобразование из "double" в "GLfloat" требует сужающего преобразования.
C:\Users\egort\OneDrive\Desktop\Тюзин Егор ИДБ-20-01 ЛР2\OpenGLrememberProj\Render.cpp(115,49): warning C4838: Преобразование из "double" в "GLfloat" требует сужающего преобразования.
C:\Users\egort\OneDrive\Desktop\Тюзин Егор ИДБ-20-01 ЛР2\OpenGLrememberProj\Render.cpp(366,24): warning C4838: Преобразование из "int" в "double" требует сужающего преобразования.
C:\Users\egort\OneDrive\Desktop\Тюзин Егор ИДБ-20-01 ЛР2\OpenGLrememberProj\Render.cpp(367,25): warning C4838: Преобразование из "int" в "double" требует сужающего преобразования.
C:\Users\egort\OneDrive\Desktop\Тюзин Егор ИДБ-20-01 ЛР2\OpenGLrememberProj\Render.cpp(368,25): warning C4838: Преобразование из "int" в "double" требует сужающего преобразования.
C:\Users\egort\OneDrive\Desktop\Тюзин Егор ИДБ-20-01 ЛР2\OpenGLrememberProj\Render.cpp(369,26): warning C4838: Преобразование из "int" в "double" требует сужающего преобразования.
C:\Users\egort\OneDrive\Desktop\Тюзин Егор ИДБ-20-01 ЛР2\OpenGLrememberProj\Render.cpp(370,26): warning C4838: Преобразование из "int" в "double" требует сужающего преобразования.
C:\Users\egort\OneDrive\Desktop\Тюзин Егор ИДБ-20-01 ЛР2\OpenGLrememberProj\Render.cpp(371,25): warning C4838: Преобразование из "int" в "double" требует сужающего преобразования.
C:\Users\egort\OneDrive\Desktop\Тюзин Егор ИДБ-20-01 ЛР2\OpenGLrememberProj\Render.cpp(372,24): warning C4838: Преобразование из "int" в "double" требует сужающего преобразования.
C:\Users\egort\OneDrive\Desktop\Тюзин Егор ИДБ-20-01 ЛР2\OpenGLrememberProj\Render.cpp(373,24): warning C4838: Преобразование из "int" в "double" требует сужающего преобразования.
C:\Users\egort\OneDrive\Desktop\Тюзин Егор ИДБ-20-01 ЛР2\OpenGLrememberProj\Render.cpp(414,30): warning C4838: Преобразование из "int" в "double" требует сужающего преобразования.
C:\Users\egort\OneDrive\Desktop\Тюзин Егор ИДБ-20-01 ЛР2\OpenGLrememberProj\Render.cpp(429,50): warning C4838: Преобразование из "int" в "double" требует сужающего преобразования.
C:\Users\egort\OneDrive\Desktop\Тюзин Егор ИДБ-20-01 ЛР2\OpenGLrememberProj\Render.cpp(430,50): warning C4838: Преобразование из "int" в "double" требует сужающего преобразования.
C:\Users\egort\OneDrive\Desktop\Тюзин Егор ИДБ-20-01 ЛР2\OpenGLrememberProj\Render.cpp(444,52): warning C4838: Преобразование из "int" в "double" требует сужающего преобразования.
C:\Users\egort\OneDrive\Desktop\Тюзин Егор ИДБ-20-01 ЛР2\OpenGLrememberProj\Render.cpp(445,62): warning C4838: Преобразование из "int" в "double" требует сужающего преобразования.
C:\Users\egort\OneDrive\Desktop\Тюзин Егор ИДБ-20-01 ЛР2\OpenGLrememberProj\Render.cpp(446,62): warning C4838: Преобразование из "int" в "double" требует сужающего преобразования.
C:\Users\egort\OneDrive\Desktop\Тюзин Егор ИДБ-20-01 ЛР2\OpenGLrememberProj\Render.cpp(462,28): warning C4838: Преобразование из "int" в "double" требует сужающего преобразования.
C:\Users\egort\OneDrive\Desktop\Тюзин Егор ИДБ-20-01 ЛР2\OpenGLrememberProj\Render.cpp(479,50): warning C4838: Преобразование из "int" в "double" требует сужающего преобразования.
C:\Users\egort\OneDrive\Desktop\Тюзин Егор ИДБ-20-01 ЛР2\OpenGLrememberProj\Render.cpp(480,60): warning C4838: Преобразование из "int" в "double" требует сужающего преобразования.
C:\Users\egort\OneDrive\Desktop\Тюзин Егор ИДБ-20-01 ЛР2\OpenGLrememberProj\Render.cpp(481,60): warning C4838: Преобразование из "int" в "double" требует сужающего преобразования.
C:\Users\egort\OneDrive\Desktop\Тюзин Егор ИДБ-20-01 ЛР2\OpenGLrememberProj\Render.cpp(496,50): warning C4838: Преобразование из "int" в "double" требует сужающего преобразования.
C:\Users\egort\OneDrive\Desktop\Тюзин Егор ИДБ-20-01 ЛР2\OpenGLrememberProj\Render.cpp(497,58): warning C4838: Преобразование из "int" в "double" требует сужающего преобразования.
C:\Users\egort\OneDrive\Desktop\Тюзин Егор ИДБ-20-01 ЛР2\OpenGLrememberProj\Render.cpp(510,24): warning C4838: Преобразование из "int" в "double" требует сужающего преобразования.
C:\Users\egort\OneDrive\Desktop\Тюзин Егор ИДБ-20-01 ЛР2\OpenGLrememberProj\Render.cpp(511,25): warning C4838: Преобразование из "int" в "double" требует сужающего преобразования.
C:\Users\egort\OneDrive\Desktop\Тюзин Егор ИДБ-20-01 ЛР2\OpenGLrememberProj\Render.cpp(512,25): warning C4838: Преобразование из "int" в "double" требует сужающего преобразования.
C:\Users\egort\OneDrive\Desktop\Тюзин Егор ИДБ-20-01 ЛР2\OpenGLrememberProj\Render.cpp(513,26): warning C4838: Преобразование из "int" в "double" требует сужающего преобразования.
C:\Users\egort\OneDrive\Desktop\Тюзин Егор ИДБ-20-01 ЛР2\OpenGLrememberProj\Render.cpp(514,26): warning C4838: Преобразование из "int" в "double" требует сужающего преобразования.
C:\Users\egort\OneDrive\Desktop\Тюзин Егор ИДБ-20-01 ЛР2\OpenGLrememberProj\Render.cpp(515,25): warning C4838: Преобразование из "int" в "double" требует сужающего преобразования.
C:\Users\egort\OneDrive\Desktop\Тюзин Егор ИДБ-20-01 ЛР2\OpenGLrememberProj\Render.cpp(516,24): warning C4838: Преобразование из "int" в "double" требует сужающего преобразования.
C:\Users\egort\OneDrive\Desktop\Тюзин Егор ИДБ-20-01 ЛР2\OpenGLrememberProj\Render.cpp(517,24): warning C4838: Преобразование из "int" в "double" требует сужающего преобразования.
C:\Users\egort\OneDrive\Desktop\Тюзин Егор ИДБ-20-01 ЛР2\OpenGLrememberProj\Render.cpp(521,50): warning C4838: Преобразование из "int" в "double" требует сужающего преобразования.
C:\Users\egort\OneDrive\Desktop\Тюзин Егор ИДБ-20-01 ЛР2\OpenGLrememberProj\Render.cpp(522,58): warning C4838: Преобразование из "int" в "double" требует сужающего преобразования.
C:\Users\egort\OneDrive\Desktop\Тюзин Егор ИДБ-20-01 ЛР2\OpenGLrememberProj\Render.cpp(533,30): warning C4838: Преобразование из "int" в "double" требует сужающего преобразования.
C:\Users\egort\OneDrive\Desktop\Тюзин Егор ИДБ-20-01 ЛР2\OpenGLrememberProj\Render.cpp(534,50): warning C4838: Преобразование из "int" в "double" требует сужающего преобразования.
C:\Users\egort\OneDrive\Desktop\Тюзин Егор ИДБ-20-01 ЛР2\OpenGLrememberProj\Render.cpp(535,50): warning C4838: Преобразование из "int" в "double" требует сужающего преобразования.
  Создание кода...
C:\Users\egort\OneDrive\Desktop\Тюзин Егор ИДБ-20-01 ЛР2\OpenGLrememberProj\Render.cpp(316): warning C4172: возвращение адреса локальной или временной переменной : N
  OpenGLrememberProj.vcxproj -> C:\Users\egort\OneDrive\Desktop\Тюзин Егор ИДБ-20-01 ЛР2\Debug\OpenGLrememberProj.exe
